<?xml version="1.0" encoding="UTF-8"?>
<coverage generated="1771392965708" clover="3.2.0">
  <project timestamp="1771392965708" name="All files">
    <metrics statements="16" coveredstatements="16" conditionals="8" coveredconditionals="8" methods="5" coveredmethods="5" elements="29" coveredelements="29" complexity="0" loc="16" ncloc="16" packages="1" files="3" classes="3"/>
    <file name="fileLoader.js" path="C:\ПРАКТИКА ДЕВОПС\4 practice\src\fileLoader.js">
      <metrics statements="4" coveredstatements="4" conditionals="0" coveredconditionals="0" methods="1" coveredmethods="1"/>
      <line num="1" count="1" type="stmt"/>
      <line num="4" count="2" type="stmt"/>
      <line num="5" count="2" type="stmt"/>
      <line num="8" count="1" type="stmt"/>
    </file>
    <file name="indexer.js" path="C:\ПРАКТИКА ДЕВОПС\4 practice\src\indexer.js">
      <metrics statements="9" coveredstatements="9" conditionals="4" coveredconditionals="4" methods="3" coveredmethods="3"/>
      <line num="2" count="6" type="cond" truecount="2" falsecount="0"/>
      <line num="4" count="5" type="stmt"/>
      <line num="5" count="5" type="stmt"/>
      <line num="6" count="7" type="stmt"/>
      <line num="7" count="21" type="stmt"/>
      <line num="8" count="21" type="cond" truecount="2" falsecount="0"/>
      <line num="9" count="21" type="stmt"/>
      <line num="12" count="5" type="stmt"/>
      <line num="15" count="2" type="stmt"/>
    </file>
    <file name="search.js" path="C:\ПРАКТИКА ДЕВОПС\4 practice\src\search.js">
      <metrics statements="3" coveredstatements="3" conditionals="4" coveredconditionals="4" methods="1" coveredmethods="1"/>
      <line num="2" count="4" type="cond" truecount="2" falsecount="0"/>
      <line num="3" count="3" type="cond" truecount="2" falsecount="0"/>
      <line num="6" count="2" type="stmt"/>
    </file>
  </project>
</coverage>
