{"C:\\ПРАКТИКА ДЕВОПС\\4 practice\\src\\fileLoader.js": {"path":"C:\\ПРАКТИКА ДЕВОПС\\4 practice\\src\\fileLoader.js","statementMap":{"0":{"start":{"line":1,"column":11},"end":{"line":1,"column":24}},"1":{"start":{"line":4,"column":15},"end":{"line":4,"column":45}},"2":{"start":{"line":5,"column":2},"end":{"line":5,"column":42}},"3":{"start":{"line":8,"column":0},"end":{"line":8,"column":30}}},"fnMap":{"0":{"name":"loadFile","decl":{"start":{"line":3,"column":9},"end":{"line":3,"column":17}},"loc":{"start":{"line":3,"column":24},"end":{"line":6,"column":1}},"line":3}},"branchMap":{},"s":{"0":1,"1":2,"2":2,"3":1},"f":{"0":2},"b":{},"_coverageSchema":"1a1c01bbd47fc00a2c39e90264f33305004495a9","hash":"101b9c1f2b37f58ee474abe6fdc3283bd9f65fd5"}
,"C:\\ПРАКТИКА ДЕВОПС\\4 practice\\src\\indexer.js": {"path":"C:\\ПРАКТИКА ДЕВОПС\\4 practice\\src\\indexer.js","statementMap":{"0":{"start":{"line":2,"column":2},"end":{"line":2,"column":68}},"1":{"start":{"line":2,"column":29},"end":{"line":2,"column":68}},"2":{"start":{"line":4,"column":16},"end":{"line":4,"column":18}},"3":{"start":{"line":5,"column":2},"end":{"line":11,"column":5}},"4":{"start":{"line":6,"column":4},"end":{"line":10,"column":7}},"5":{"start":{"line":7,"column":16},"end":{"line":7,"column":34}},"6":{"start":{"line":8,"column":6},"end":{"line":8,"column":35}},"7":{"start":{"line":8,"column":21},"end":{"line":8,"column":35}},"8":{"start":{"line":9,"column":6},"end":{"line":9,"column":23}},"9":{"start":{"line":12,"column":2},"end":{"line":12,"column":15}},"10":{"start":{"line":15,"column":0},"end":{"line":15,"column":32}}},"fnMap":{"0":{"name":"buildIndex","decl":{"start":{"line":1,"column":9},"end":{"line":1,"column":19}},"loc":{"start":{"line":1,"column":27},"end":{"line":13,"column":1}},"line":1},"1":{"name":"(anonymous_1)","decl":{"start":{"line":5,"column":16},"end":{"line":5,"column":17}},"loc":{"start":{"line":5,"column":29},"end":{"line":11,"column":3}},"line":5},"2":{"name":"(anonymous_2)","decl":{"start":{"line":6,"column":30},"end":{"line":6,"column":31}},"loc":{"start":{"line":6,"column":38},"end":{"line":10,"column":5}},"line":6}},"branchMap":{"0":{"loc":{"start":{"line":2,"column":2},"end":{"line":2,"column":68}},"type":"if","locations":[{"start":{"line":2,"column":2},"end":{"line":2,"column":68}},{"start":{},"end":{}}],"line":2},"1":{"loc":{"start":{"line":8,"column":6},"end":{"line":8,"column":35}},"type":"if","locations":[{"start":{"line":8,"column":6},"end":{"line":8,"column":35}},{"start":{},"end":{}}],"line":8}},"s":{"0":6,"1":1,"2":5,"3":5,"4":7,"5":21,"6":21,"7":18,"8":21,"9":5,"10":2},"f":{"0":6,"1":7,"2":21},"b":{"0":[1,5],"1":[18,3]},"_coverageSchema":"1a1c01bbd47fc00a2c39e90264f33305004495a9","hash":"0d8b06dde72e0d90e0d0390314454e8b9a9c0bbb"}
,"C:\\ПРАКТИКА ДЕВОПС\\4 practice\\src\\search.js": {"path":"C:\\ПРАКТИКА ДЕВОПС\\4 practice\\src\\search.js","statementMap":{"0":{"start":{"line":2,"column":2},"end":{"line":2,"column":47}},"1":{"start":{"line":2,"column":13},"end":{"line":2,"column":47}},"2":{"start":{"line":3,"column":2},"end":{"line":3,"column":41}},"3":{"start":{"line":6,"column":0},"end":{"line":6,"column":28}}},"fnMap":{"0":{"name":"search","decl":{"start":{"line":1,"column":9},"end":{"line":1,"column":15}},"loc":{"start":{"line":1,"column":29},"end":{"line":4,"column":1}},"line":1}},"branchMap":{"0":{"loc":{"start":{"line":2,"column":2},"end":{"line":2,"column":47}},"type":"if","locations":[{"start":{"line":2,"column":2},"end":{"line":2,"column":47}},{"start":{},"end":{}}],"line":2},"1":{"loc":{"start":{"line":3,"column":9},"end":{"line":3,"column":40}},"type":"binary-expr","locations":[{"start":{"line":3,"column":9},"end":{"line":3,"column":34}},{"start":{"line":3,"column":38},"end":{"line":3,"column":40}}],"line":3}},"s":{"0":4,"1":1,"2":3,"3":2},"f":{"0":4},"b":{"0":[1,3],"1":[3,1]},"_coverageSchema":"1a1c01bbd47fc00a2c39e90264f33305004495a9","hash":"bdbcab70043b1db7b22c72e0ada563af8b88c058"}
}
