TN:
SF:src\fileLoader.js
FN:3,loadFile
FNF:1
FNH:1
FNDA:2,loadFile
DA:1,1
DA:4,2
DA:5,2
DA:8,1
LF:4
LH:4
BRF:0
BRH:0
end_of_record
TN:
SF:src\indexer.js
FN:1,buildIndex
FN:5,(anonymous_1)
FN:6,(anonymous_2)
FNF:3
FNH:3
FNDA:6,buildIndex
FNDA:7,(anonymous_1)
FNDA:21,(anonymous_2)
DA:2,6
DA:4,5
DA:5,5
DA:6,7
DA:7,21
DA:8,21
DA:9,21
DA:12,5
DA:15,2
LF:9
LH:9
BRDA:2,0,0,1
BRDA:2,0,1,5
BRDA:8,1,0,18
BRDA:8,1,1,3
BRF:4
BRH:4
end_of_record
TN:
SF:src\search.js
FN:1,search
FNF:1
FNH:1
FNDA:4,search
DA:2,4
DA:3,3
DA:6,2
LF:3
LH:3
BRDA:2,0,0,1
BRDA:2,0,1,3
BRDA:3,1,0,3
BRDA:3,1,1,1
BRF:4
BRH:4
end_of_record
